<?xml version="1.0" encoding="UTF-8"?>
<testsuites name="Login" time="114.8" tests="4" failures="1" errors="0">
   <testsuite name="Login" tests="4" failures="1" errors="0" time="114.8" skipped="0" timestamp="2026-01-02 17:03:34" hostname="ichsa - MSI" id="Test Suites/Login">
      <properties>
         <property name="deviceName" value="samsung SM-A125F (Android 12)"/>
         <property name="devicePlatform" value=""/>
         <property name="logFolder" value="C:\\Users\\ichsa\\Katalon Studio\\Labamu\\Reports\\20260102_170332\\Login\\20260102_170332"/>
         <property name="logFiles" value="C:\\Users\\ichsa\\Katalon Studio\\Labamu\\Reports\\20260102_170332\\Login\\20260102_170332\\appium.log, C:\\Users\\ichsa\\Katalon Studio\\Labamu\\Reports\\20260102_170332\\Login\\20260102_170332\\execution0.log"/>
         <property name="attachments" value="C:\\Users\\ichsa\\Katalon Studio\\Labamu\\Reports\\20260102_170332\\Login\\20260102_170332\\1767348305286.png"/>
         <property name="hostName" value="ichsa - MSI"/>
         <property name="os" value="Windows 11 64bit"/>
         <property name="appiumServerStatus" value="{&quot;value&quot;:{&quot;build&quot;:{&quot;version&quot;:&quot;1.22.3&quot;}},&quot;sessionId&quot;:null,&quot;status&quot;:0}"/>
         <property name="katalonVersion" value="8.6.9.208"/>
         <property name="deviceOS" value="Android"/>
         <property name="appiumVersion" value="1.22.3"/>
         <property name="deviceModel" value="SM-A125F"/>
         <property name="hostAddress" value="192.168.1.6"/>
         <property name="deviceManufacturer" value="samsung"/>
         <property name="deviceId" value="RR8R5017EJV"/>
         <property name="deviceName" value="samsung SM-A125F (Android 12)"/>
         <property name="deviceOSVersion" value="12"/>
      </properties>
      <testcase name="Test Cases/Login by Email" time="27.572" classname="Test Cases/Login by Email" status="PASSED">
         <system-out><![CDATA[2026-01-02 17:03:34 - [TEST_CASE][PASSED] - Test Cases/Login by Email: Test Cases/Login by Email

2026-01-02 17:03:35 - [TEST_STEP][PASSED] - startExistingApplication("id.co.labamu.app"): Starting app with application ID: 'id.co.labamu.app'

2026-01-02 17:03:35 - [MESSAGE][INFO] - Detected NodeJS location: "C:\Program Files\nodejs\node.exe"

2026-01-02 17:03:37 - [MESSAGE][INFO] - Appium server started on port 63,686

2026-01-02 17:03:50 - [MESSAGE][PASSED] - Starting app with application ID: 'id.co.labamu.app'

2026-01-02 17:03:50 - [TEST_STEP][PASSED] - widget = findTestObject("Object Repository/btn-Widget-While"): null

2026-01-02 17:03:50 - [TEST_STEP][PASSED] - if (waitForElementPresent(widget, 5)): Object Object Repository/btn-Widget-While not found

2026-01-02 17:03:55 - [MESSAGE][WARNING] - Object Object Repository/btn-Widget-While not found

2026-01-02 17:03:55 - [TEST_STEP][PASSED] - else: null

2026-01-02 17:03:55 - [TEST_STEP][PASSED] - println("Widget tidak muncul, lanjut step berikutnya"): null

2026-01-02 17:03:55 - [TEST_STEP][PASSED] - btnEmailOption = findTestObject("Object Repository/btn-text-Email-Option"): null

2026-01-02 17:03:55 - [TEST_STEP][PASSED] - inputEmail = findTestObject("Object Repository/edt-Input-Email"): null

2026-01-02 17:03:55 - [TEST_STEP][PASSED] - chkAgreement = findTestObject("Object Repository/btn-CheckBox"): null

2026-01-02 17:03:55 - [TEST_STEP][PASSED] - btnMasuk = findTestObject("Object Repository/btn-Masuk"): null

2026-01-02 17:03:55 - [TEST_STEP][PASSED] - waitForElementPresent(btnEmailOption, 10): Element 'Object Repository/btn-text-Email-Option' is present

2026-01-02 17:03:56 - [MESSAGE][PASSED] - Element 'Object Repository/btn-text-Email-Option' is present

2026-01-02 17:03:56 - [TEST_STEP][PASSED] - tap(btnEmailOption, 10): Tapped on element 'Object Repository/btn-text-Email-Option'

2026-01-02 17:03:56 - [MESSAGE][PASSED] - Tapped on element 'Object Repository/btn-text-Email-Option'

2026-01-02 17:03:56 - [TEST_STEP][PASSED] - waitForElementPresent(inputEmail, 10): Element 'Object Repository/edt-Input-Email' is present

2026-01-02 17:03:57 - [MESSAGE][PASSED] - Element 'Object Repository/edt-Input-Email' is present

2026-01-02 17:03:57 - [TEST_STEP][PASSED] - tap(inputEmail, 10): Tapped on element 'Object Repository/edt-Input-Email'

2026-01-02 17:03:57 - [MESSAGE][PASSED] - Tapped on element 'Object Repository/edt-Input-Email'

2026-01-02 17:03:57 - [TEST_STEP][PASSED] - setText(inputEmail, email, 10): Text 'tester@gmail.com' has been set to element 'Object Repository/edt-Input-Email'

2026-01-02 17:03:59 - [MESSAGE][PASSED] - Text 'tester@gmail.com' has been set to element 'Object Repository/edt-Input-Email'

2026-01-02 17:03:59 - [TEST_STEP][PASSED] - tap(chkAgreement, 10): Tapped on element 'Object Repository/btn-CheckBox'

2026-01-02 17:04:00 - [MESSAGE][PASSED] - Tapped on element 'Object Repository/btn-CheckBox'

2026-01-02 17:04:00 - [TEST_STEP][PASSED] - waitForElementAttributeValue(btnMasuk, "enabled", "true", 10): Object 'Object Repository/btn-Masuk' has attribute 'enabled' with value 'true'

2026-01-02 17:04:01 - [MESSAGE][PASSED] - Object 'Object Repository/btn-Masuk' has attribute 'enabled' with value 'true'

2026-01-02 17:04:01 - [TEST_STEP][PASSED] - verifyElementAttributeValue(btnMasuk, "enabled", "true", 10): Object 'Object Repository/btn-Masuk' has attribute 'enabled' with value 'true'

2026-01-02 17:04:01 - [MESSAGE][PASSED] - Object 'Object Repository/btn-Masuk' has attribute 'enabled' with value 'true'

2026-01-02 17:04:01 - [TEST_STEP][PASSED] - tap(btnMasuk, 10): Tapped on element 'Object Repository/btn-Masuk'

2026-01-02 17:04:01 - [MESSAGE][PASSED] - Tapped on element 'Object Repository/btn-Masuk'

2026-01-02 17:04:01 - [TEST_STEP][PASSED] - closeApplication(): Close app successfully

2026-01-02 17:04:02 - [MESSAGE][PASSED] - Close app successfully]]></system-out>
         <system-err><![CDATA[]]></system-err>
      </testcase>
      <testcase name="Test Cases/Login by Email" time="24.634" classname="Test Cases/Login by Email" status="PASSED">
         <system-out><![CDATA[2026-01-02 17:04:02 - [TEST_CASE][PASSED] - Test Cases/Login by Email: Test Cases/Login by Email

2026-01-02 17:04:02 - [TEST_STEP][PASSED] - startExistingApplication("id.co.labamu.app"): Starting app with application ID: 'id.co.labamu.app'

2026-01-02 17:04:02 - [MESSAGE][INFO] - Detected NodeJS location: "C:\Program Files\nodejs\node.exe"

2026-01-02 17:04:03 - [MESSAGE][INFO] - Appium server started on port 63,046

2026-01-02 17:04:15 - [MESSAGE][PASSED] - Starting app with application ID: 'id.co.labamu.app'

2026-01-02 17:04:15 - [TEST_STEP][PASSED] - widget = findTestObject("Object Repository/btn-Widget-While"): null

2026-01-02 17:04:15 - [TEST_STEP][PASSED] - if (waitForElementPresent(widget, 5)): Object Object Repository/btn-Widget-While not found

2026-01-02 17:04:20 - [MESSAGE][WARNING] - Object Object Repository/btn-Widget-While not found

2026-01-02 17:04:20 - [TEST_STEP][PASSED] - else: null

2026-01-02 17:04:20 - [TEST_STEP][PASSED] - println("Widget tidak muncul, lanjut step berikutnya"): null

2026-01-02 17:04:20 - [TEST_STEP][PASSED] - btnEmailOption = findTestObject("Object Repository/btn-text-Email-Option"): null

2026-01-02 17:04:20 - [TEST_STEP][PASSED] - inputEmail = findTestObject("Object Repository/edt-Input-Email"): null

2026-01-02 17:04:20 - [TEST_STEP][PASSED] - chkAgreement = findTestObject("Object Repository/btn-CheckBox"): null

2026-01-02 17:04:20 - [TEST_STEP][PASSED] - btnMasuk = findTestObject("Object Repository/btn-Masuk"): null

2026-01-02 17:04:20 - [TEST_STEP][PASSED] - waitForElementPresent(btnEmailOption, 10): Element 'Object Repository/btn-text-Email-Option' is present

2026-01-02 17:04:20 - [MESSAGE][PASSED] - Element 'Object Repository/btn-text-Email-Option' is present

2026-01-02 17:04:20 - [TEST_STEP][PASSED] - tap(btnEmailOption, 10): Tapped on element 'Object Repository/btn-text-Email-Option'

2026-01-02 17:04:21 - [MESSAGE][PASSED] - Tapped on element 'Object Repository/btn-text-Email-Option'

2026-01-02 17:04:21 - [TEST_STEP][PASSED] - waitForElementPresent(inputEmail, 10): Element 'Object Repository/edt-Input-Email' is present

2026-01-02 17:04:22 - [MESSAGE][PASSED] - Element 'Object Repository/edt-Input-Email' is present

2026-01-02 17:04:22 - [TEST_STEP][PASSED] - tap(inputEmail, 10): Tapped on element 'Object Repository/edt-Input-Email'

2026-01-02 17:04:22 - [MESSAGE][PASSED] - Tapped on element 'Object Repository/edt-Input-Email'

2026-01-02 17:04:22 - [TEST_STEP][PASSED] - setText(inputEmail, email, 10): Text 'test@gmail.com' has been set to element 'Object Repository/edt-Input-Email'

2026-01-02 17:04:24 - [MESSAGE][PASSED] - Text 'test@gmail.com' has been set to element 'Object Repository/edt-Input-Email'

2026-01-02 17:04:24 - [TEST_STEP][PASSED] - tap(chkAgreement, 10): Tapped on element 'Object Repository/btn-CheckBox'

2026-01-02 17:04:25 - [MESSAGE][PASSED] - Tapped on element 'Object Repository/btn-CheckBox'

2026-01-02 17:04:25 - [TEST_STEP][PASSED] - waitForElementAttributeValue(btnMasuk, "enabled", "true", 10): Object 'Object Repository/btn-Masuk' has attribute 'enabled' with value 'true'

2026-01-02 17:04:26 - [MESSAGE][PASSED] - Object 'Object Repository/btn-Masuk' has attribute 'enabled' with value 'true'

2026-01-02 17:04:26 - [TEST_STEP][PASSED] - verifyElementAttributeValue(btnMasuk, "enabled", "true", 10): Object 'Object Repository/btn-Masuk' has attribute 'enabled' with value 'true'

2026-01-02 17:04:26 - [MESSAGE][PASSED] - Object 'Object Repository/btn-Masuk' has attribute 'enabled' with value 'true'

2026-01-02 17:04:26 - [TEST_STEP][PASSED] - tap(btnMasuk, 10): Tapped on element 'Object Repository/btn-Masuk'

2026-01-02 17:04:26 - [MESSAGE][PASSED] - Tapped on element 'Object Repository/btn-Masuk'

2026-01-02 17:04:26 - [TEST_STEP][PASSED] - closeApplication(): Close app successfully

2026-01-02 17:04:26 - [MESSAGE][PASSED] - Close app successfully]]></system-out>
         <system-err><![CDATA[]]></system-err>
      </testcase>
      <testcase name="Test Cases/Login by Email" time="39.103" classname="Test Cases/Login by Email" status="FAILED">
         <failure type="FAILED" message="Test Cases/Login by Email FAILED.
Reason:
com.kms.katalon.core.exception.StepFailedException: Object Object Repository/btn-text-Email-Option not found
	at com.kms.katalon.core.keyword.internal.KeywordMain.stepFailed(KeywordMain.groovy:51)
	at com.kms.katalon.core.mobile.keyword.internal.MobileKeywordMain.stepFailed(MobileKeywordMain.groovy:40)
	at com.kms.katalon.core.mobile.keyword.builtin.TapKeyword$_tap_closure1.doCall(TapKeyword.groovy:79)
	at com.kms.katalon.core.mobile.keyword.builtin.TapKeyword$_tap_closure1.call(TapKeyword.groovy)
	at com.kms.katalon.core.mobile.keyword.internal.MobileKeywordMain.runKeyword(MobileKeywordMain.groovy:21)
	at com.kms.katalon.core.mobile.keyword.builtin.TapKeyword.tap(TapKeyword.groovy:84)
	at com.kms.katalon.core.mobile.keyword.builtin.TapKeyword.execute(TapKeyword.groovy:68)
	at com.kms.katalon.core.keyword.internal.KeywordExecutor.executeKeywordForPlatform(KeywordExecutor.groovy:74)
	at com.kms.katalon.core.mobile.keyword.MobileBuiltInKeywords.tap(MobileBuiltInKeywords.groovy:1490)
	at com.kms.katalon.core.mobile.keyword.MobileBuiltInKeywords$tap$1.call(Unknown Source)
	at Login by Email.run(Login by Email:36)
	at com.kms.katalon.core.main.ScriptEngine.run(ScriptEngine.java:194)
	at com.kms.katalon.core.main.ScriptEngine.runScriptAsRawText(ScriptEngine.java:119)
	at com.kms.katalon.core.main.TestCaseExecutor.runScript(TestCaseExecutor.java:448)
	at com.kms.katalon.core.main.TestCaseExecutor.doExecute(TestCaseExecutor.java:439)
	at com.kms.katalon.core.main.TestCaseExecutor.processExecutionPhase(TestCaseExecutor.java:418)
	at com.kms.katalon.core.main.TestCaseExecutor.accessMainPhase(TestCaseExecutor.java:410)
	at com.kms.katalon.core.main.TestCaseExecutor.execute(TestCaseExecutor.java:285)
	at com.kms.katalon.core.common.CommonExecutor.accessTestCaseMainPhase(CommonExecutor.java:65)
	at com.kms.katalon.core.main.TestSuiteExecutor.accessTestSuiteMainPhase(TestSuiteExecutor.java:148)
	at com.kms.katalon.core.main.TestSuiteExecutor.execute(TestSuiteExecutor.java:106)
	at com.kms.katalon.core.main.TestCaseMain.startTestSuite(TestCaseMain.java:187)
	at com.kms.katalon.core.main.TestCaseMain$startTestSuite$0.call(Unknown Source)
	at TempTestSuite1767348212333.run(TempTestSuite1767348212333.groovy:35)
"/>
         <system-out><![CDATA[2026-01-02 17:04:27 - [TEST_CASE][FAILED] - Test Cases/Login by Email: Test Cases/Login by Email FAILED.
Reason:
com.kms.katalon.core.exception.StepFailedException: Object Object Repository/btn-text-Email-Option not found
	at com.kms.katalon.core.keyword.internal.KeywordMain.stepFailed(KeywordMain.groovy:51)
	at com.kms.katalon.core.mobile.keyword.internal.MobileKeywordMain.stepFailed(MobileKeywordMain.groovy:40)
	at com.kms.katalon.core.mobile.keyword.builtin.TapKeyword$_tap_closure1.doCall(TapKeyword.groovy:79)
	at com.kms.katalon.core.mobile.keyword.builtin.TapKeyword$_tap_closure1.call(TapKeyword.groovy)
	at com.kms.katalon.core.mobile.keyword.internal.MobileKeywordMain.runKeyword(MobileKeywordMain.groovy:21)
	at com.kms.katalon.core.mobile.keyword.builtin.TapKeyword.tap(TapKeyword.groovy:84)
	at com.kms.katalon.core.mobile.keyword.builtin.TapKeyword.execute(TapKeyword.groovy:68)
	at com.kms.katalon.core.keyword.internal.KeywordExecutor.executeKeywordForPlatform(KeywordExecutor.groovy:74)
	at com.kms.katalon.core.mobile.keyword.MobileBuiltInKeywords.tap(MobileBuiltInKeywords.groovy:1490)
	at com.kms.katalon.core.mobile.keyword.MobileBuiltInKeywords$tap$1.call(Unknown Source)
	at Login by Email.run(Login by Email:36)
	at com.kms.katalon.core.main.ScriptEngine.run(ScriptEngine.java:194)
	at com.kms.katalon.core.main.ScriptEngine.runScriptAsRawText(ScriptEngine.java:119)
	at com.kms.katalon.core.main.TestCaseExecutor.runScript(TestCaseExecutor.java:448)
	at com.kms.katalon.core.main.TestCaseExecutor.doExecute(TestCaseExecutor.java:439)
	at com.kms.katalon.core.main.TestCaseExecutor.processExecutionPhase(TestCaseExecutor.java:418)
	at com.kms.katalon.core.main.TestCaseExecutor.accessMainPhase(TestCaseExecutor.java:410)
	at com.kms.katalon.core.main.TestCaseExecutor.execute(TestCaseExecutor.java:285)
	at com.kms.katalon.core.common.CommonExecutor.accessTestCaseMainPhase(CommonExecutor.java:65)
	at com.kms.katalon.core.main.TestSuiteExecutor.accessTestSuiteMainPhase(TestSuiteExecutor.java:148)
	at com.kms.katalon.core.main.TestSuiteExecutor.execute(TestSuiteExecutor.java:106)
	at com.kms.katalon.core.main.TestCaseMain.startTestSuite(TestCaseMain.java:187)
	at com.kms.katalon.core.main.TestCaseMain$startTestSuite$0.call(Unknown Source)
	at TempTestSuite1767348212333.run(TempTestSuite1767348212333.groovy:35)


2026-01-02 17:04:27 - [TEST_STEP][PASSED] - startExistingApplication("id.co.labamu.app"): Starting app with application ID: 'id.co.labamu.app'

2026-01-02 17:04:27 - [MESSAGE][INFO] - Detected NodeJS location: "C:\Program Files\nodejs\node.exe"

2026-01-02 17:04:28 - [MESSAGE][INFO] - Appium server started on port 53,654

2026-01-02 17:04:39 - [MESSAGE][PASSED] - Starting app with application ID: 'id.co.labamu.app'

2026-01-02 17:04:39 - [TEST_STEP][PASSED] - widget = findTestObject("Object Repository/btn-Widget-While"): null

2026-01-02 17:04:39 - [TEST_STEP][PASSED] - if (waitForElementPresent(widget, 5)): Object Object Repository/btn-Widget-While not found

2026-01-02 17:04:45 - [MESSAGE][WARNING] - Object Object Repository/btn-Widget-While not found

2026-01-02 17:04:45 - [TEST_STEP][PASSED] - else: null

2026-01-02 17:04:45 - [TEST_STEP][PASSED] - println("Widget tidak muncul, lanjut step berikutnya"): null

2026-01-02 17:04:45 - [TEST_STEP][PASSED] - btnEmailOption = findTestObject("Object Repository/btn-text-Email-Option"): null

2026-01-02 17:04:45 - [TEST_STEP][PASSED] - inputEmail = findTestObject("Object Repository/edt-Input-Email"): null

2026-01-02 17:04:45 - [TEST_STEP][PASSED] - chkAgreement = findTestObject("Object Repository/btn-CheckBox"): null

2026-01-02 17:04:45 - [TEST_STEP][PASSED] - btnMasuk = findTestObject("Object Repository/btn-Masuk"): null

2026-01-02 17:04:45 - [TEST_STEP][PASSED] - waitForElementPresent(btnEmailOption, 10): Object Object Repository/btn-text-Email-Option not found

2026-01-02 17:04:55 - [MESSAGE][WARNING] - Object Object Repository/btn-text-Email-Option not found

2026-01-02 17:04:55 - [TEST_STEP][FAILED] - tap(btnEmailOption, 10): Failed to tap on element 'Object Repository/btn-text-Email-Option' (Root cause: com.kms.katalon.core.exception.StepFailedException: Object Object Repository/btn-text-Email-Option not found
	at com.kms.katalon.core.keyword.internal.KeywordMain.stepFailed(KeywordMain.groovy:51)
	at com.kms.katalon.core.mobile.keyword.internal.MobileKeywordMain.stepFailed(MobileKeywordMain.groovy:40)
	at com.kms.katalon.core.mobile.keyword.builtin.TapKeyword$_tap_closure1.doCall(TapKeyword.groovy:79)
	at com.kms.katalon.core.mobile.keyword.builtin.TapKeyword$_tap_closure1.call(TapKeyword.groovy)
	at com.kms.katalon.core.mobile.keyword.internal.MobileKeywordMain.runKeyword(MobileKeywordMain.groovy:21)
	at com.kms.katalon.core.mobile.keyword.builtin.TapKeyword.tap(TapKeyword.groovy:84)
	at com.kms.katalon.core.mobile.keyword.builtin.TapKeyword.execute(TapKeyword.groovy:68)
	at com.kms.katalon.core.keyword.internal.KeywordExecutor.executeKeywordForPlatform(KeywordExecutor.groovy:74)
	at com.kms.katalon.core.mobile.keyword.MobileBuiltInKeywords.tap(MobileBuiltInKeywords.groovy:1490)
	at com.kms.katalon.core.mobile.keyword.MobileBuiltInKeywords$tap$1.call(Unknown Source)
	at Login by Email.run(Login by Email:36)
	at com.kms.katalon.core.main.ScriptEngine.run(ScriptEngine.java:194)
	at com.kms.katalon.core.main.ScriptEngine.runScriptAsRawText(ScriptEngine.java:119)
	at com.kms.katalon.core.main.TestCaseExecutor.runScript(TestCaseExecutor.java:448)
	at com.kms.katalon.core.main.TestCaseExecutor.doExecute(TestCaseExecutor.java:439)
	at com.kms.katalon.core.main.TestCaseExecutor.processExecutionPhase(TestCaseExecutor.java:418)
	at com.kms.katalon.core.main.TestCaseExecutor.accessMainPhase(TestCaseExecutor.java:410)
	at com.kms.katalon.core.main.TestCaseExecutor.execute(TestCaseExecutor.java:285)
	at com.kms.katalon.core.common.CommonExecutor.accessTestCaseMainPhase(CommonExecutor.java:65)
	at com.kms.katalon.core.main.TestSuiteExecutor.accessTestSuiteMainPhase(TestSuiteExecutor.java:148)
	at com.kms.katalon.core.main.TestSuiteExecutor.execute(TestSuiteExecutor.java:106)
	at com.kms.katalon.core.main.TestCaseMain.startTestSuite(TestCaseMain.java:187)
	at com.kms.katalon.core.main.TestCaseMain$startTestSuite$0.call(Unknown Source)
	at TempTestSuite1767348212333.run(TempTestSuite1767348212333.groovy:35)
)

2026-01-02 17:05:05 - [MESSAGE][FAILED] - Object Object Repository/btn-text-Email-Option not found

2026-01-02 17:05:06 - [MESSAGE][FAILED] - Failed to tap on element 'Object Repository/btn-text-Email-Option' (Root cause: com.kms.katalon.core.exception.StepFailedException: Object Object Repository/btn-text-Email-Option not found
	at com.kms.katalon.core.keyword.internal.KeywordMain.stepFailed(KeywordMain.groovy:51)
	at com.kms.katalon.core.mobile.keyword.internal.MobileKeywordMain.stepFailed(MobileKeywordMain.groovy:40)
	at com.kms.katalon.core.mobile.keyword.builtin.TapKeyword$_tap_closure1.doCall(TapKeyword.groovy:79)
	at com.kms.katalon.core.mobile.keyword.builtin.TapKeyword$_tap_closure1.call(TapKeyword.groovy)
	at com.kms.katalon.core.mobile.keyword.internal.MobileKeywordMain.runKeyword(MobileKeywordMain.groovy:21)
	at com.kms.katalon.core.mobile.keyword.builtin.TapKeyword.tap(TapKeyword.groovy:84)
	at com.kms.katalon.core.mobile.keyword.builtin.TapKeyword.execute(TapKeyword.groovy:68)
	at com.kms.katalon.core.keyword.internal.KeywordExecutor.executeKeywordForPlatform(KeywordExecutor.groovy:74)
	at com.kms.katalon.core.mobile.keyword.MobileBuiltInKeywords.tap(MobileBuiltInKeywords.groovy:1490)
	at com.kms.katalon.core.mobile.keyword.MobileBuiltInKeywords$tap$1.call(Unknown Source)
	at Login by Email.run(Login by Email:36)
	at com.kms.katalon.core.main.ScriptEngine.run(ScriptEngine.java:194)
	at com.kms.katalon.core.main.ScriptEngine.runScriptAsRawText(ScriptEngine.java:119)
	at com.kms.katalon.core.main.TestCaseExecutor.runScript(TestCaseExecutor.java:448)
	at com.kms.katalon.core.main.TestCaseExecutor.doExecute(TestCaseExecutor.java:439)
	at com.kms.katalon.core.main.TestCaseExecutor.processExecutionPhase(TestCaseExecutor.java:418)
	at com.kms.katalon.core.main.TestCaseExecutor.accessMainPhase(TestCaseExecutor.java:410)
	at com.kms.katalon.core.main.TestCaseExecutor.execute(TestCaseExecutor.java:285)
	at com.kms.katalon.core.common.CommonExecutor.accessTestCaseMainPhase(CommonExecutor.java:65)
	at com.kms.katalon.core.main.TestSuiteExecutor.accessTestSuiteMainPhase(TestSuiteExecutor.java:148)
	at com.kms.katalon.core.main.TestSuiteExecutor.execute(TestSuiteExecutor.java:106)
	at com.kms.katalon.core.main.TestCaseMain.startTestSuite(TestCaseMain.java:187)
	at com.kms.katalon.core.main.TestCaseMain$startTestSuite$0.call(Unknown Source)
	at TempTestSuite1767348212333.run(TempTestSuite1767348212333.groovy:35)
)
[[ATTACHMENT|C:\\Users\\ichsa\\Katalon Studio\\Labamu\\Reports\\20260102_170332\\Login\\20260102_170332\\1767348305286.png]]]]></system-out>
         <system-err><![CDATA[2026-01-02 17:04:27 - [TEST_CASE][FAILED] - Test Cases/Login by Email: Test Cases/Login by Email FAILED.
Reason:
com.kms.katalon.core.exception.StepFailedException: Object Object Repository/btn-text-Email-Option not found
	at com.kms.katalon.core.keyword.internal.KeywordMain.stepFailed(KeywordMain.groovy:51)
	at com.kms.katalon.core.mobile.keyword.internal.MobileKeywordMain.stepFailed(MobileKeywordMain.groovy:40)
	at com.kms.katalon.core.mobile.keyword.builtin.TapKeyword$_tap_closure1.doCall(TapKeyword.groovy:79)
	at com.kms.katalon.core.mobile.keyword.builtin.TapKeyword$_tap_closure1.call(TapKeyword.groovy)
	at com.kms.katalon.core.mobile.keyword.internal.MobileKeywordMain.runKeyword(MobileKeywordMain.groovy:21)
	at com.kms.katalon.core.mobile.keyword.builtin.TapKeyword.tap(TapKeyword.groovy:84)
	at com.kms.katalon.core.mobile.keyword.builtin.TapKeyword.execute(TapKeyword.groovy:68)
	at com.kms.katalon.core.keyword.internal.KeywordExecutor.executeKeywordForPlatform(KeywordExecutor.groovy:74)
	at com.kms.katalon.core.mobile.keyword.MobileBuiltInKeywords.tap(MobileBuiltInKeywords.groovy:1490)
	at com.kms.katalon.core.mobile.keyword.MobileBuiltInKeywords$tap$1.call(Unknown Source)
	at Login by Email.run(Login by Email:36)
	at com.kms.katalon.core.main.ScriptEngine.run(ScriptEngine.java:194)
	at com.kms.katalon.core.main.ScriptEngine.runScriptAsRawText(ScriptEngine.java:119)
	at com.kms.katalon.core.main.TestCaseExecutor.runScript(TestCaseExecutor.java:448)
	at com.kms.katalon.core.main.TestCaseExecutor.doExecute(TestCaseExecutor.java:439)
	at com.kms.katalon.core.main.TestCaseExecutor.processExecutionPhase(TestCaseExecutor.java:418)
	at com.kms.katalon.core.main.TestCaseExecutor.accessMainPhase(TestCaseExecutor.java:410)
	at com.kms.katalon.core.main.TestCaseExecutor.execute(TestCaseExecutor.java:285)
	at com.kms.katalon.core.common.CommonExecutor.accessTestCaseMainPhase(CommonExecutor.java:65)
	at com.kms.katalon.core.main.TestSuiteExecutor.accessTestSuiteMainPhase(TestSuiteExecutor.java:148)
	at com.kms.katalon.core.main.TestSuiteExecutor.execute(TestSuiteExecutor.java:106)
	at com.kms.katalon.core.main.TestCaseMain.startTestSuite(TestCaseMain.java:187)
	at com.kms.katalon.core.main.TestCaseMain$startTestSuite$0.call(Unknown Source)
	at TempTestSuite1767348212333.run(TempTestSuite1767348212333.groovy:35)]]></system-err>
      </testcase>
      <testcase name="Test Cases/Login by Email" time="23.174" classname="Test Cases/Login by Email" status="PASSED">
         <system-out><![CDATA[2026-01-02 17:05:06 - [TEST_CASE][PASSED] - Test Cases/Login by Email: Test Cases/Login by Email

2026-01-02 17:05:06 - [TEST_STEP][PASSED] - startExistingApplication("id.co.labamu.app"): Starting app with application ID: 'id.co.labamu.app'

2026-01-02 17:05:17 - [MESSAGE][PASSED] - Starting app with application ID: 'id.co.labamu.app'

2026-01-02 17:05:17 - [TEST_STEP][PASSED] - widget = findTestObject("Object Repository/btn-Widget-While"): null

2026-01-02 17:05:17 - [TEST_STEP][PASSED] - if (waitForElementPresent(widget, 5)): Object Object Repository/btn-Widget-While not found

2026-01-02 17:05:22 - [MESSAGE][WARNING] - Object Object Repository/btn-Widget-While not found

2026-01-02 17:05:22 - [TEST_STEP][PASSED] - else: null

2026-01-02 17:05:22 - [TEST_STEP][PASSED] - println("Widget tidak muncul, lanjut step berikutnya"): null

2026-01-02 17:05:22 - [TEST_STEP][PASSED] - btnEmailOption = findTestObject("Object Repository/btn-text-Email-Option"): null

2026-01-02 17:05:22 - [TEST_STEP][PASSED] - inputEmail = findTestObject("Object Repository/edt-Input-Email"): null

2026-01-02 17:05:22 - [TEST_STEP][PASSED] - chkAgreement = findTestObject("Object Repository/btn-CheckBox"): null

2026-01-02 17:05:22 - [TEST_STEP][PASSED] - btnMasuk = findTestObject("Object Repository/btn-Masuk"): null

2026-01-02 17:05:22 - [TEST_STEP][PASSED] - waitForElementPresent(btnEmailOption, 10): Element 'Object Repository/btn-text-Email-Option' is present

2026-01-02 17:05:23 - [MESSAGE][PASSED] - Element 'Object Repository/btn-text-Email-Option' is present

2026-01-02 17:05:23 - [TEST_STEP][PASSED] - tap(btnEmailOption, 10): Tapped on element 'Object Repository/btn-text-Email-Option'

2026-01-02 17:05:23 - [MESSAGE][PASSED] - Tapped on element 'Object Repository/btn-text-Email-Option'

2026-01-02 17:05:23 - [TEST_STEP][PASSED] - waitForElementPresent(inputEmail, 10): Element 'Object Repository/edt-Input-Email' is present

2026-01-02 17:05:24 - [MESSAGE][PASSED] - Element 'Object Repository/edt-Input-Email' is present

2026-01-02 17:05:24 - [TEST_STEP][PASSED] - tap(inputEmail, 10): Tapped on element 'Object Repository/edt-Input-Email'

2026-01-02 17:05:24 - [MESSAGE][PASSED] - Tapped on element 'Object Repository/edt-Input-Email'

2026-01-02 17:05:24 - [TEST_STEP][PASSED] - setText(inputEmail, email, 10): Text 'prod@gmail' has been set to element 'Object Repository/edt-Input-Email'

2026-01-02 17:05:26 - [MESSAGE][PASSED] - Text 'prod@gmail' has been set to element 'Object Repository/edt-Input-Email'

2026-01-02 17:05:26 - [TEST_STEP][PASSED] - tap(chkAgreement, 10): Tapped on element 'Object Repository/btn-CheckBox'

2026-01-02 17:05:27 - [MESSAGE][PASSED] - Tapped on element 'Object Repository/btn-CheckBox'

2026-01-02 17:05:27 - [TEST_STEP][PASSED] - waitForElementAttributeValue(btnMasuk, "enabled", "true", 10): Object 'Object Repository/btn-Masuk' has attribute 'enabled' with value 'true'

2026-01-02 17:05:28 - [MESSAGE][PASSED] - Object 'Object Repository/btn-Masuk' has attribute 'enabled' with value 'true'

2026-01-02 17:05:28 - [TEST_STEP][PASSED] - verifyElementAttributeValue(btnMasuk, "enabled", "true", 10): Object 'Object Repository/btn-Masuk' has attribute 'enabled' with value 'true'

2026-01-02 17:05:28 - [MESSAGE][PASSED] - Object 'Object Repository/btn-Masuk' has attribute 'enabled' with value 'true'

2026-01-02 17:05:28 - [TEST_STEP][PASSED] - tap(btnMasuk, 10): Tapped on element 'Object Repository/btn-Masuk'

2026-01-02 17:05:28 - [MESSAGE][PASSED] - Tapped on element 'Object Repository/btn-Masuk'

2026-01-02 17:05:28 - [TEST_STEP][PASSED] - closeApplication(): Close app successfully

2026-01-02 17:05:29 - [MESSAGE][PASSED] - Close app successfully]]></system-out>
         <system-err><![CDATA[]]></system-err>
      </testcase>
      <system-out><![CDATA[2026-01-02 17:03:34 - [TEST_SUITE][FAILED] - Login: Test Cases/Login by Email FAILED.
Reason:
com.kms.katalon.core.exception.StepFailedException: Object Object Repository/btn-text-Email-Option not found
	at com.kms.katalon.core.keyword.internal.KeywordMain.stepFailed(KeywordMain.groovy:51)
	at com.kms.katalon.core.mobile.keyword.internal.MobileKeywordMain.stepFailed(MobileKeywordMain.groovy:40)
	at com.kms.katalon.core.mobile.keyword.builtin.TapKeyword$_tap_closure1.doCall(TapKeyword.groovy:79)
	at com.kms.katalon.core.mobile.keyword.builtin.TapKeyword$_tap_closure1.call(TapKeyword.groovy)
	at com.kms.katalon.core.mobile.keyword.internal.MobileKeywordMain.runKeyword(MobileKeywordMain.groovy:21)
	at com.kms.katalon.core.mobile.keyword.builtin.TapKeyword.tap(TapKeyword.groovy:84)
	at com.kms.katalon.core.mobile.keyword.builtin.TapKeyword.execute(TapKeyword.groovy:68)
	at com.kms.katalon.core.keyword.internal.KeywordExecutor.executeKeywordForPlatform(KeywordExecutor.groovy:74)
	at com.kms.katalon.core.mobile.keyword.MobileBuiltInKeywords.tap(MobileBuiltInKeywords.groovy:1490)
	at com.kms.katalon.core.mobile.keyword.MobileBuiltInKeywords$tap$1.call(Unknown Source)
	at Login by Email.run(Login by Email:36)
	at com.kms.katalon.core.main.ScriptEngine.run(ScriptEngine.java:194)
	at com.kms.katalon.core.main.ScriptEngine.runScriptAsRawText(ScriptEngine.java:119)
	at com.kms.katalon.core.main.TestCaseExecutor.runScript(TestCaseExecutor.java:448)
	at com.kms.katalon.core.main.TestCaseExecutor.doExecute(TestCaseExecutor.java:439)
	at com.kms.katalon.core.main.TestCaseExecutor.processExecutionPhase(TestCaseExecutor.java:418)
	at com.kms.katalon.core.main.TestCaseExecutor.accessMainPhase(TestCaseExecutor.java:410)
	at com.kms.katalon.core.main.TestCaseExecutor.execute(TestCaseExecutor.java:285)
	at com.kms.katalon.core.common.CommonExecutor.accessTestCaseMainPhase(CommonExecutor.java:65)
	at com.kms.katalon.core.main.TestSuiteExecutor.accessTestSuiteMainPhase(TestSuiteExecutor.java:148)
	at com.kms.katalon.core.main.TestSuiteExecutor.execute(TestSuiteExecutor.java:106)
	at com.kms.katalon.core.main.TestCaseMain.startTestSuite(TestCaseMain.java:187)
	at com.kms.katalon.core.main.TestCaseMain$startTestSuite$0.call(Unknown Source)
	at TempTestSuite1767348212333.run(TempTestSuite1767348212333.groovy:35)]]></system-out>
      <system-err><![CDATA[2026-01-02 17:03:34 - [TEST_SUITE][FAILED] - Login: Test Cases/Login by Email FAILED.
Reason:
com.kms.katalon.core.exception.StepFailedException: Object Object Repository/btn-text-Email-Option not found
	at com.kms.katalon.core.keyword.internal.KeywordMain.stepFailed(KeywordMain.groovy:51)
	at com.kms.katalon.core.mobile.keyword.internal.MobileKeywordMain.stepFailed(MobileKeywordMain.groovy:40)
	at com.kms.katalon.core.mobile.keyword.builtin.TapKeyword$_tap_closure1.doCall(TapKeyword.groovy:79)
	at com.kms.katalon.core.mobile.keyword.builtin.TapKeyword$_tap_closure1.call(TapKeyword.groovy)
	at com.kms.katalon.core.mobile.keyword.internal.MobileKeywordMain.runKeyword(MobileKeywordMain.groovy:21)
	at com.kms.katalon.core.mobile.keyword.builtin.TapKeyword.tap(TapKeyword.groovy:84)
	at com.kms.katalon.core.mobile.keyword.builtin.TapKeyword.execute(TapKeyword.groovy:68)
	at com.kms.katalon.core.keyword.internal.KeywordExecutor.executeKeywordForPlatform(KeywordExecutor.groovy:74)
	at com.kms.katalon.core.mobile.keyword.MobileBuiltInKeywords.tap(MobileBuiltInKeywords.groovy:1490)
	at com.kms.katalon.core.mobile.keyword.MobileBuiltInKeywords$tap$1.call(Unknown Source)
	at Login by Email.run(Login by Email:36)
	at com.kms.katalon.core.main.ScriptEngine.run(ScriptEngine.java:194)
	at com.kms.katalon.core.main.ScriptEngine.runScriptAsRawText(ScriptEngine.java:119)
	at com.kms.katalon.core.main.TestCaseExecutor.runScript(TestCaseExecutor.java:448)
	at com.kms.katalon.core.main.TestCaseExecutor.doExecute(TestCaseExecutor.java:439)
	at com.kms.katalon.core.main.TestCaseExecutor.processExecutionPhase(TestCaseExecutor.java:418)
	at com.kms.katalon.core.main.TestCaseExecutor.accessMainPhase(TestCaseExecutor.java:410)
	at com.kms.katalon.core.main.TestCaseExecutor.execute(TestCaseExecutor.java:285)
	at com.kms.katalon.core.common.CommonExecutor.accessTestCaseMainPhase(CommonExecutor.java:65)
	at com.kms.katalon.core.main.TestSuiteExecutor.accessTestSuiteMainPhase(TestSuiteExecutor.java:148)
	at com.kms.katalon.core.main.TestSuiteExecutor.execute(TestSuiteExecutor.java:106)
	at com.kms.katalon.core.main.TestCaseMain.startTestSuite(TestCaseMain.java:187)
	at com.kms.katalon.core.main.TestCaseMain$startTestSuite$0.call(Unknown Source)
	at TempTestSuite1767348212333.run(TempTestSuite1767348212333.groovy:35)]]></system-err>
   </testsuite>
</testsuites>
